Performing C SOURCE FILE Test CMAKE_HAVE_LIBC_PTHREAD failed with the following output:
Change Dir: /home/lou/Documents/C++/ThomasWasAlone/openglproject/build/CMakeFiles/CMakeTmp

Run Build Command(s):/usr/bin/make cmTC_996a3/fast && /usr/bin/make -f CMakeFiles/cmTC_996a3.dir/build.make CMakeFiles/cmTC_996a3.dir/build
make[1] : on entre dans le répertoire « /home/lou/Documents/C++/ThomasWasAlone/openglproject/build/CMakeFiles/CMakeTmp »
Building C object CMakeFiles/cmTC_996a3.dir/src.c.o
/usr/bin/gcc   -DCMAKE_HAVE_LIBC_PTHREAD   -o CMakeFiles/cmTC_996a3.dir/src.c.o   -c /home/lou/Documents/C++/ThomasWasAlone/openglproject/build/CMakeFiles/CMakeTmp/src.c
Linking C executable cmTC_996a3
/usr/bin/cmake -E cmake_link_script CMakeFiles/cmTC_996a3.dir/link.txt --verbose=1
/usr/bin/gcc  -DCMAKE_HAVE_LIBC_PTHREAD    CMakeFiles/cmTC_996a3.dir/src.c.o  -o cmTC_996a3 
/usr/bin/ld : CMakeFiles/cmTC_996a3.dir/src.c.o : dans la fonction « main » :
src.c:(.text+0x46) : référence indéfinie vers « pthread_create »
/usr/bin/ld : src.c:(.text+0x52) : référence indéfinie vers « pthread_detach »
/usr/bin/ld : src.c:(.text+0x63) : référence indéfinie vers « pthread_join »
collect2: error: ld returned 1 exit status
make[1]: *** [CMakeFiles/cmTC_996a3.dir/build.make:87 : cmTC_996a3] Erreur 1
make[1] : on quitte le répertoire « /home/lou/Documents/C++/ThomasWasAlone/openglproject/build/CMakeFiles/CMakeTmp »
make: *** [Makefile:121 : cmTC_996a3/fast] Erreur 2


Source file was:
#include <pthread.h>

void* test_func(void* data)
{
  return data;
}

int main(void)
{
  pthread_t thread;
  pthread_create(&thread, NULL, test_func, NULL);
  pthread_detach(thread);
  pthread_join(thread, NULL);
  pthread_atfork(NULL, NULL, NULL);
  pthread_exit(NULL);

  return 0;
}

Determining if the function pthread_create exists in the pthreads failed with the following output:
Change Dir: /home/lou/Documents/C++/ThomasWasAlone/openglproject/build/CMakeFiles/CMakeTmp

Run Build Command(s):/usr/bin/make cmTC_852df/fast && /usr/bin/make -f CMakeFiles/cmTC_852df.dir/build.make CMakeFiles/cmTC_852df.dir/build
make[1] : on entre dans le répertoire « /home/lou/Documents/C++/ThomasWasAlone/openglproject/build/CMakeFiles/CMakeTmp »
Building C object CMakeFiles/cmTC_852df.dir/CheckFunctionExists.c.o
/usr/bin/gcc   -DCHECK_FUNCTION_EXISTS=pthread_create   -o CMakeFiles/cmTC_852df.dir/CheckFunctionExists.c.o   -c /usr/share/cmake-3.16/Modules/CheckFunctionExists.c
Linking C executable cmTC_852df
/usr/bin/cmake -E cmake_link_script CMakeFiles/cmTC_852df.dir/link.txt --verbose=1
/usr/bin/gcc  -DCHECK_FUNCTION_EXISTS=pthread_create    CMakeFiles/cmTC_852df.dir/CheckFunctionExists.c.o  -o cmTC_852df  -lpthreads 
/usr/bin/ld : ne peut trouver -lpthreads
collect2: error: ld returned 1 exit status
make[1]: *** [CMakeFiles/cmTC_852df.dir/build.make:87 : cmTC_852df] Erreur 1
make[1] : on quitte le répertoire « /home/lou/Documents/C++/ThomasWasAlone/openglproject/build/CMakeFiles/CMakeTmp »
make: *** [Makefile:121 : cmTC_852df/fast] Erreur 2



